2018-01-09 14:11:57,000 - initdatapath.sh - INFO - Action is init data path.******************************************************************************************************** (L7)
2018-01-09 14:11:57,788 - AirflowCluster - INFO - Action is init.********************************************************************************************************  (L199) 
2018-01-09 14:11:58,978 - AirflowCluster - INFO - exec cmd: [export PATH=${PATH}:/usr/local/bin/:/bin;echo y|airflow resetdb], got ret: [(0, '[2018-01-09 14:11:58,117] {__init__.py:57} INFO - Using executor LocalExecutor\n[2018-01-09 14:11:58,238] {driver.py:120} INFO - Generating grammar tables from /usr/lib/python2.7/lib2to3/Grammar.txt\n[2018-01-09 14:11:58,266] {driver.py:120} INFO - Generating grammar tables from /usr/lib/python2.7/lib2to3/PatternGrammar.txt\nDB: postgresql+psycopg2://root:***@192.168.100.249/qingcloud\nThis will drop existing tables if they exist. Proceed? (y/n)[2018-01-09 14:11:58,549] {db.py:303} INFO - Dropping tables that exist\n[2018-01-09 14:11:58,641] {migration.py:116} INFO - Context impl PostgresqlImpl.\n[2018-01-09 14:11:58,641] {migration.py:121} INFO - Will assume transactional DDL.\n[2018-01-09 14:11:58,645] {db.py:287} INFO - Creating tables\n')]  (L71) 
2018-01-09 14:11:58,979 - AirflowCluster - INFO - -----Info：airflow resetdb.  (L82) 
2018-01-09 14:11:59,674 - AirflowCluster - INFO - exec cmd: [export PATH=${PATH}:/usr/local/bin/:/bin;airflow initdb], got ret: [(0, '[2018-01-09 14:11:59,199] {__init__.py:57} INFO - Using executor LocalExecutor\n[2018-01-09 14:11:59,279] {driver.py:120} INFO - Generating grammar tables from /usr/lib/python2.7/lib2to3/Grammar.txt\n[2018-01-09 14:11:59,299] {driver.py:120} INFO - Generating grammar tables from /usr/lib/python2.7/lib2to3/PatternGrammar.txt\nDB: postgresql+psycopg2://root:***@192.168.100.249/qingcloud\n[2018-01-09 14:11:59,479] {db.py:287} INFO - Creating tables\nDone.\n')]  (L71) 
2018-01-09 14:11:59,674 - AirflowCluster - INFO - -----Info：airflow initdb.  (L89) 
2018-01-09 14:12:00,588 - AirflowCluster - INFO - exec cmd: [export PATH=${PATH}:/usr/local/bin/:/bin;python /root/airflow/airflowscripts/adduser.py], got ret: [(0, '[2018-01-09 14:11:59,892] {__init__.py:57} INFO - Using executor LocalExecutor\n[2018-01-09 14:11:59,964] {driver.py:120} INFO - Generating grammar tables from /usr/lib/python2.7/lib2to3/Grammar.txt\n[2018-01-09 14:11:59,984] {driver.py:120} INFO - Generating grammar tables from /usr/lib/python2.7/lib2to3/PatternGrammar.txt\n')]  (L71) 
2018-01-09 14:12:00,588 - AirflowCluster - INFO - -----Info：airflow app init webserver user.  (L96) 
2018-01-09 14:12:11,892 - AirflowCluster - INFO - Action is start.********************************************************************************************************  (L199) 
2018-01-09 14:12:12,038 - AirflowCluster - INFO - exec cmd: [export PATH=${PATH}:/usr/local/bin/:/bin;supervisord -c /etc/supervisord.conf ], got ret: [(0, '')]  (L71) 
2018-01-09 14:12:12,038 - AirflowCluster - INFO - -----Info：airflow app start supervisord service.  (L120) 
2018-01-09 14:13:36,099 - AirflowCluster - INFO - Action is check.********************************************************************************************************  (L199) 
2018-01-09 14:13:36,238 - AirflowCluster - INFO - exec cmd: [export PATH=${PATH}:/usr/local/bin/:/bin;supervisorctl status airflow-webserver|grep RUNNING], got ret: [(0, 'airflow-webserver                RUNNING   pid 1013, uptime 0:01:23\n')]  (L71) 
2018-01-09 14:13:36,377 - AirflowCluster - INFO - exec cmd: [export PATH=${PATH}:/usr/local/bin/:/bin;supervisorctl status airflow-scheduler|grep RUNNING], got ret: [(0, 'airflow-scheduler                RUNNING   pid 1012, uptime 0:01:23\n')]  (L71) 
2018-01-09 14:14:36,003 - AirflowCluster - INFO - Action is check.********************************************************************************************************  (L199) 
2018-01-09 14:14:36,143 - AirflowCluster - INFO - exec cmd: [export PATH=${PATH}:/usr/local/bin/:/bin;supervisorctl status airflow-webserver|grep RUNNING], got ret: [(0, 'airflow-webserver                RUNNING   pid 1013, uptime 0:02:23\n')]  (L71) 
2018-01-09 14:14:36,268 - AirflowCluster - INFO - exec cmd: [export PATH=${PATH}:/usr/local/bin/:/bin;supervisorctl status airflow-scheduler|grep RUNNING], got ret: [(0, 'airflow-scheduler                RUNNING   pid 1012, uptime 0:02:23\n')]  (L71) 
2018-01-09 14:15:03,555 - AirflowCluster - INFO - Action is restart.********************************************************************************************************  (L199) 
2018-01-09 14:15:05,699 - AirflowCluster - INFO - exec cmd: [export PATH=${PATH}:/usr/local/bin/:/bin;supervisorctl restart airflow-webserver], got ret: [(0, 'airflow-webserver: stopped\nairflow-webserver: started\n')]  (L71) 
2018-01-09 14:15:05,700 - AirflowCluster - INFO - -----Info：airflow app restart webserver service.  (L131) 
2018-01-09 14:15:07,406 - AirflowCluster - INFO - exec cmd: [export PATH=${PATH}:/usr/local/bin/:/bin;supervisorctl restart airflow-scheduler], got ret: [(0, 'airflow-scheduler: stopped\nairflow-scheduler: started\n')]  (L71) 
2018-01-09 14:15:07,406 - AirflowCluster - INFO - -----Info：airflow app restart scheduler service.  (L138) 
2018-01-09 14:15:36,002 - AirflowCluster - INFO - Action is check.********************************************************************************************************  (L199) 
2018-01-09 14:15:36,136 - AirflowCluster - INFO - exec cmd: [export PATH=${PATH}:/usr/local/bin/:/bin;supervisorctl status airflow-webserver|grep RUNNING], got ret: [(0, 'airflow-webserver                RUNNING   pid 1890, uptime 0:00:33\n')]  (L71) 
2018-01-09 14:15:36,261 - AirflowCluster - INFO - exec cmd: [export PATH=${PATH}:/usr/local/bin/:/bin;supervisorctl status airflow-scheduler|grep RUNNING], got ret: [(0, 'airflow-scheduler                RUNNING   pid 1947, uptime 0:00:31\n')]  (L71) 
